# JRE version: OpenJDK Runtime Environment AdoptOpenJDK (11.0.8+10) (build 11.0.8+10)
# Java VM: OpenJDK 64-Bit Server VM AdoptOpenJDK (11.0.8+10, mixed mode, tiered, compressed oops, g1 gc, windows-amd64)
Heap:
 garbage-first heap   total 157696K, used 43159K [0x0000000081600000, 0x0000000100000000)
  region size 1024K, 25 young (25600K), 4 survivors (4096K)
 Metaspace       used 26762K, capacity 27093K, committed 27264K, reserved 1073152K
  class space    used 3005K, capacity 3097K, committed 3200K, reserved 1048576K
GC Heap History (10 events):
Event: 0.758 GC heap before
{Heap before GC invocations=0 (full 0):
 garbage-first heap   total 131072K, used 14336K [0x0000000081600000, 0x0000000100000000)
  region size 1024K, 14 young (14336K), 0 survivors (0K)
 Metaspace       used 7994K, capacity 8093K, committed 8192K, reserved 1056768K
  class space    used 682K, capacity 690K, committed 768K, reserved 1048576K
}
Event: 0.765 GC heap after
{Heap after GC invocations=1 (full 0):
 garbage-first heap   total 131072K, used 4715K [0x0000000081600000, 0x0000000100000000)
  region size 1024K, 2 young (2048K), 2 survivors (2048K)
 Metaspace       used 7994K, capacity 8093K, committed 8192K, reserved 1056768K
  class space    used 682K, capacity 690K, committed 768K, reserved 1048576K
}
Event: 1.248 GC heap before
{Heap before GC invocations=1 (full 0):
 garbage-first heap   total 131072K, used 15979K [0x0000000081600000, 0x0000000100000000)
  region size 1024K, 14 young (14336K), 2 survivors (2048K)
 Metaspace       used 9697K, capacity 9846K, committed 9984K, reserved 1058816K
  class space    used 893K, capacity 958K, committed 1024K, reserved 1048576K
}
Event: 1.253 GC heap after
{Heap after GC invocations=2 (full 0):
 garbage-first heap   total 131072K, used 8491K [0x0000000081600000, 0x0000000100000000)
  region size 1024K, 2 young (2048K), 2 survivors (2048K)
 Metaspace       used 9697K, capacity 9846K, committed 9984K, reserved 1058816K
  class space    used 893K, capacity 958K, committed 1024K, reserved 1048576K
}
Event: 3.422 GC heap before
{Heap before GC invocations=2 (full 0):
 garbage-first heap   total 131072K, used 89387K [0x0000000081600000, 0x0000000100000000)
  region size 1024K, 76 young (77824K), 2 survivors (2048K)
 Metaspace       used 20900K, capacity 21124K, committed 21248K, reserved 1069056K
  class space    used 2388K, capacity 2465K, committed 2560K, reserved 1048576K
}
Event: 3.443 GC heap after
{Heap after GC invocations=3 (full 0):
 garbage-first heap   total 131072K, used 18698K [0x0000000081600000, 0x0000000100000000)
  region size 1024K, 10 young (10240K), 10 survivors (10240K)
 Metaspace       used 20900K, capacity 21124K, committed 21248K, reserved 1069056K
  class space    used 2388K, capacity 2465K, committed 2560K, reserved 1048576K
}
Event: 3.447 GC heap before
{Heap before GC invocations=3 (full 0):
 garbage-first heap   total 131072K, used 18698K [0x0000000081600000, 0x0000000100000000)
  region size 1024K, 11 young (11264K), 10 survivors (10240K)
 Metaspace       used 20941K, capacity 21124K, committed 21248K, reserved 1069056K
  class space    used 2397K, capacity 2465K, committed 2560K, reserved 1048576K
}
Event: 3.461 GC heap after
{Heap after GC invocations=4 (full 0):
 garbage-first heap   total 131072K, used 20027K [0x0000000081600000, 0x0000000100000000)
  region size 1024K, 1 young (1024K), 1 survivors (1024K)
 Metaspace       used 20941K, capacity 21124K, committed 21248K, reserved 1069056K
  class space    used 2397K, capacity 2465K, committed 2560K, reserved 1048576K
}
Event: 5.409 GC heap before
{Heap before GC invocations=5 (full 0):
 garbage-first heap   total 131072K, used 58939K [0x0000000081600000, 0x0000000100000000)
  region size 1024K, 39 young (39936K), 1 survivors (1024K)
 Metaspace       used 25387K, capacity 25722K, committed 25856K, reserved 1073152K
  class space    used 2889K, capacity 2985K, committed 3072K, reserved 1048576K
}
Event: 5.423 GC heap after
{Heap after GC invocations=6 (full 0):
 garbage-first heap   total 157696K, used 22679K [0x0000000081600000, 0x0000000100000000)
  region size 1024K, 4 young (4096K), 4 survivors (4096K)
 Metaspace       used 25387K, capacity 25722K, committed 25856K, reserved 1073152K
  class space    used 2889K, capacity 2985K, committed 3072K, reserved 1048576K
}

